# JRE version: Java(TM) SE Runtime Environment 18.9 (11.0.19+9) (build 11.0.19+9-LTS-224)
# Java VM: Java HotSpot(TM) 64-Bit Server VM 18.9 (11.0.19+9-LTS-224, mixed mode, tiered, compressed oops, g1 gc, windows-amd64)
Heap:
 garbage-first heap   total 262144K, used 224795K [0x00000000e0000000, 0x0000000100000000)
  region size 1024K, 19 young (19456K), 3 survivors (3072K)
 Metaspace       used 106768K, capacity 111379K, committed 111616K, reserved 483328K
  class space    used 13356K, capacity 14994K, committed 15104K, reserved 385024K
GC Heap History (10 events):
Event: 344.104 GC heap after
{Heap after GC invocations=56 (full 0):
 garbage-first heap   total 262144K, used 199138K [0x00000000e0000000, 0x0000000100000000)
  region size 1024K, 4 young (4096K), 4 survivors (4096K)
 Metaspace       used 99180K, capacity 103453K, committed 103552K, reserved 475136K
  class space    used 12367K, capacity 13879K, committed 13952K, reserved 385024K
}
Event: 344.343 GC heap before
{Heap before GC invocations=56 (full 0):
 garbage-first heap   total 262144K, used 226786K [0x00000000e0000000, 0x0000000100000000)
  region size 1024K, 32 young (32768K), 4 survivors (4096K)
 Metaspace       used 99388K, capacity 103628K, committed 103808K, reserved 475136K
  class space    used 12390K, capacity 13914K, committed 13952K, reserved 385024K
}
Event: 344.346 GC heap after
{Heap after GC invocations=57 (full 0):
 garbage-first heap   total 262144K, used 198917K [0x00000000e0000000, 0x0000000100000000)
  region size 1024K, 1 young (1024K), 1 survivors (1024K)
 Metaspace       used 99388K, capacity 103628K, committed 103808K, reserved 475136K
  class space    used 12390K, capacity 13914K, committed 13952K, reserved 385024K
}
Event: 344.531 GC heap before
{Heap before GC invocations=57 (full 0):
 garbage-first heap   total 262144K, used 227589K [0x00000000e0000000, 0x0000000100000000)
  region size 1024K, 29 young (29696K), 1 survivors (1024K)
 Metaspace       used 99393K, capacity 103628K, committed 103808K, reserved 475136K
  class space    used 12390K, capacity 13914K, committed 13952K, reserved 385024K
}
Event: 344.532 GC heap after
{Heap after GC invocations=58 (full 0):
 garbage-first heap   total 262144K, used 198801K [0x00000000e0000000, 0x0000000100000000)
  region size 1024K, 1 young (1024K), 1 survivors (1024K)
 Metaspace       used 99393K, capacity 103628K, committed 103808K, reserved 475136K
  class space    used 12390K, capacity 13914K, committed 13952K, reserved 385024K
}
Event: 345.115 GC heap before
{Heap before GC invocations=58 (full 0):
 garbage-first heap   total 262144K, used 227473K [0x00000000e0000000, 0x0000000100000000)
  region size 1024K, 29 young (29696K), 1 survivors (1024K)
 Metaspace       used 101320K, capacity 105682K, committed 105984K, reserved 477184K
  class space    used 12685K, capacity 14265K, committed 14336K, reserved 385024K
}
Event: 345.117 GC heap after
{Heap after GC invocations=59 (full 0):
 garbage-first heap   total 262144K, used 199296K [0x00000000e0000000, 0x0000000100000000)
  region size 1024K, 2 young (2048K), 2 survivors (2048K)
 Metaspace       used 101320K, capacity 105682K, committed 105984K, reserved 477184K
  class space    used 12685K, capacity 14265K, committed 14336K, reserved 385024K
}
Event: 345.983 GC heap before
{Heap before GC invocations=59 (full 0):
 garbage-first heap   total 262144K, used 227968K [0x00000000e0000000, 0x0000000100000000)
  region size 1024K, 30 young (30720K), 2 survivors (2048K)
 Metaspace       used 106490K, capacity 111132K, committed 111360K, reserved 481280K
  class space    used 13334K, capacity 14977K, committed 15104K, reserved 385024K
}
Event: 345.990 GC heap after
{Heap after GC invocations=60 (full 0):
 garbage-first heap   total 262144K, used 208411K [0x00000000e0000000, 0x0000000100000000)
  region size 1024K, 4 young (4096K), 4 survivors (4096K)
 Metaspace       used 106490K, capacity 111132K, committed 111360K, reserved 481280K
  class space    used 13334K, capacity 14977K, committed 15104K, reserved 385024K
}
Event: 346.162 GC heap before
{Heap before GC invocations=60 (full 0):
 garbage-first heap   total 262144K, used 224795K [0x00000000e0000000, 0x0000000100000000)
  region size 1024K, 20 young (20480K), 4 survivors (4096K)
 Metaspace       used 106768K, capacity 111379K, committed 111616K, reserved 483328K
  class space    used 13356K, capacity 14994K, committed 15104K, reserved 385024K
}

